15:30:07 DEBUG : Logs will be stored at 'D:/PSU/Winter_2024/544/Final project/ROM_sensor/IDE.log'.
15:30:09 ERROR : Workspace location D:\PSU\Winter_2024\544\Final project\ROM_sensor contains spaces. Please switch to a workspace without spaces in its path.
15:30:10 INFO  : Launching XSCT server: xsct.bat -n  -interactive D:\PSU\Winter_2024\544\Final project\ROM_sensor\temp_xsdb_launch_script.tcl
15:30:11 INFO  : Registering command handlers for Vitis TCF services
15:30:12 INFO  : Platform repository initialization has completed.
15:30:15 ERROR : (XSDB Server)couldn't read file "D:\PSU\Winter_2024\544\Final": no such file or directory

15:33:37 DEBUG : Logs will be stored at 'D:/PSU/Winter_2024/544/fp/ROM_sensor/IDE.log'.
15:33:40 INFO  : Launching XSCT server: xsct.bat -n  -interactive D:\PSU\Winter_2024\544\fp\ROM_sensor\temp_xsdb_launch_script.tcl
15:33:41 INFO  : Registering command handlers for Vitis TCF services
15:33:41 INFO  : Platform repository initialization has completed.
15:33:43 INFO  : XSCT server has started successfully.
15:33:46 INFO  : Successfully done setting XSCT server connection channel  
15:33:46 INFO  : plnx-install-location is set to ''
15:33:46 INFO  : Successfully done query RDI_DATADIR 
15:33:46 INFO  : Successfully done setting workspace for the tool. 
15:34:15 INFO  : Result from executing command 'getProjects': rom_sensor
15:34:15 INFO  : Result from executing command 'getPlatforms': xilinx_vck190_base_202220_1|E:/Xilinx/Vitis/2022.2/base_platforms/xilinx_vck190_base_202220_1/xilinx_vck190_base_202220_1.xpfm;xilinx_vck190_base_dfx_202220_1|E:/Xilinx/Vitis/2022.2/base_platforms/xilinx_vck190_base_dfx_202220_1/xilinx_vck190_base_dfx_202220_1.xpfm;xilinx_vmk180_base_202220_1|E:/Xilinx/Vitis/2022.2/base_platforms/xilinx_vmk180_base_202220_1/xilinx_vmk180_base_202220_1.xpfm;xilinx_zcu102_base_202220_1|E:/Xilinx/Vitis/2022.2/base_platforms/xilinx_zcu102_base_202220_1/xilinx_zcu102_base_202220_1.xpfm;xilinx_zcu102_base_dfx_202220_1|E:/Xilinx/Vitis/2022.2/base_platforms/xilinx_zcu102_base_dfx_202220_1/xilinx_zcu102_base_dfx_202220_1.xpfm;xilinx_zcu104_base_202220_1|E:/Xilinx/Vitis/2022.2/base_platforms/xilinx_zcu104_base_202220_1/xilinx_zcu104_base_202220_1.xpfm
15:35:11 DEBUG : Logs will be stored at 'D:/PSU/Winter_2024/544/fp/ROM_sensor/IDE.log'.
15:35:11 INFO  : Launching XSCT server: xsct.bat -n  -interactive D:\PSU\Winter_2024\544\fp\ROM_sensor\temp_xsdb_launch_script.tcl
15:35:15 INFO  : XSCT server has started successfully.
15:35:15 INFO  : Successfully done setting XSCT server connection channel  
15:35:15 INFO  : plnx-install-location is set to ''
15:35:15 INFO  : Successfully done setting workspace for the tool. 
15:35:15 INFO  : Successfully done query RDI_DATADIR 
15:35:15 INFO  : Registering command handlers for Vitis TCF services
15:35:16 INFO  : Platform repository initialization has completed.
15:36:03 INFO  : Result from executing command 'getProjects': BLE_UART_ONLY
15:36:03 INFO  : Result from executing command 'getPlatforms': rom_sensor|D:/PSU/Winter_2024/544/fp/ROM_sensor/rom_sensor/export/rom_sensor/rom_sensor.xpfm;xilinx_vck190_base_202220_1|E:/Xilinx/Vitis/2022.2/base_platforms/xilinx_vck190_base_202220_1/xilinx_vck190_base_202220_1.xpfm;xilinx_vck190_base_dfx_202220_1|E:/Xilinx/Vitis/2022.2/base_platforms/xilinx_vck190_base_dfx_202220_1/xilinx_vck190_base_dfx_202220_1.xpfm;xilinx_vmk180_base_202220_1|E:/Xilinx/Vitis/2022.2/base_platforms/xilinx_vmk180_base_202220_1/xilinx_vmk180_base_202220_1.xpfm;xilinx_zcu102_base_202220_1|E:/Xilinx/Vitis/2022.2/base_platforms/xilinx_zcu102_base_202220_1/xilinx_zcu102_base_202220_1.xpfm;xilinx_zcu102_base_dfx_202220_1|E:/Xilinx/Vitis/2022.2/base_platforms/xilinx_zcu102_base_dfx_202220_1/xilinx_zcu102_base_dfx_202220_1.xpfm;xilinx_zcu104_base_202220_1|E:/Xilinx/Vitis/2022.2/base_platforms/xilinx_zcu104_base_202220_1/xilinx_zcu104_base_202220_1.xpfm
15:37:26 INFO  : Result from executing command 'getProjects': BLE_UART_ONLY
15:37:26 INFO  : Result from executing command 'getPlatforms': BLE_UART_ONLY|D:/PSU/Winter_2024/544/fp/ROM_sensor/BLE_UART_ONLY/export/BLE_UART_ONLY/BLE_UART_ONLY.xpfm;rom_sensor|D:/PSU/Winter_2024/544/fp/ROM_sensor/rom_sensor/export/rom_sensor/rom_sensor.xpfm;xilinx_vck190_base_202220_1|E:/Xilinx/Vitis/2022.2/base_platforms/xilinx_vck190_base_202220_1/xilinx_vck190_base_202220_1.xpfm;xilinx_vck190_base_dfx_202220_1|E:/Xilinx/Vitis/2022.2/base_platforms/xilinx_vck190_base_dfx_202220_1/xilinx_vck190_base_dfx_202220_1.xpfm;xilinx_vmk180_base_202220_1|E:/Xilinx/Vitis/2022.2/base_platforms/xilinx_vmk180_base_202220_1/xilinx_vmk180_base_202220_1.xpfm;xilinx_zcu102_base_202220_1|E:/Xilinx/Vitis/2022.2/base_platforms/xilinx_zcu102_base_202220_1/xilinx_zcu102_base_202220_1.xpfm;xilinx_zcu102_base_dfx_202220_1|E:/Xilinx/Vitis/2022.2/base_platforms/xilinx_zcu102_base_dfx_202220_1/xilinx_zcu102_base_dfx_202220_1.xpfm;xilinx_zcu104_base_202220_1|E:/Xilinx/Vitis/2022.2/base_platforms/xilinx_zcu104_base_202220_1/xilinx_zcu104_base_202220_1.xpfm
15:37:27 INFO  : Checking for BSP changes to sync application flags for project 'BLE_test'...
15:37:27 INFO  : Updating application flags with new BSP settings...
15:37:28 INFO  : Successfully updated application flags for project BLE_test.
15:39:48 INFO  : Checking for BSP changes to sync application flags for project 'BLE_test'...
15:40:32 INFO  : Checking for BSP changes to sync application flags for project 'BLE_test'...
15:40:40 INFO  : Inferring section assignments and sizes from elf file: D:\PSU\Winter_2024\544\fp\ROM_sensor\BLE_test\Debug\BLE_test.elf
15:40:43 INFO  : Successfully generated D:\PSU\Winter_2024\544\fp\ROM_sensor\BLE_test\src\lscript.ld.
15:40:43 INFO  : Applying linker script to all configurations of project BLE_test.
15:40:43 INFO  : Setting rebuild state to true for all configurations of project BLE_test.
15:40:44 INFO  : Checking for BSP changes to sync application flags for project 'BLE_test'...
15:41:13 INFO  : Bit file 'D:/PSU/Winter_2024/544/fp/ROM_sensor/BLE_test/_ide/bitstream/download.bit' is generated.
15:41:15 INFO  : Connected to target on host '127.0.0.1' and port '3121'.
15:42:04 INFO  : Bit file 'D:/PSU/Winter_2024/544/fp/ROM_sensor/BLE_test/_ide/bitstream/download.bit' is generated.
15:42:04 INFO  : Connected to target on host '127.0.0.1' and port '3121'.
15:42:04 INFO  : 'targets -set -filter {jtag_cable_name =~ "RealDigital Boo 887222440502A" && level==0 && jtag_device_ctx=="jsn1-0362f093-0"}' command is executed.
15:42:05 INFO  : Device configured successfully with "D:/PSU/Winter_2024/544/fp/ROM_sensor/BLE_test/_ide/bitstream/download.bit"
15:46:42 INFO  : Checking for BSP changes to sync application flags for project 'BLE_test'...
15:46:46 INFO  : Checking for BSP changes to sync application flags for project 'BLE_test'...
15:47:02 INFO  : Connected to target on host '127.0.0.1' and port '3121'.
15:47:02 INFO  : Jtag cable 'RealDigital Boo 887222440502A' is selected.
15:47:02 INFO  : 'jtag frequency' command is executed.
15:47:02 INFO  : 'targets -set -filter {jtag_cable_name =~ "RealDigital Boo 887222440502A" && level==0 && jtag_device_ctx=="jsn1-0362f093-0"}' command is executed.
15:47:03 INFO  : Device configured successfully with "D:/PSU/Winter_2024/544/fp/ROM_sensor/BLE_test/_ide/bitstream/download.bit"
15:47:03 INFO  : Context for processor 'microblaze_0' is selected.
15:47:03 INFO  : Hardware design and registers information is loaded from 'D:/PSU/Winter_2024/544/fp/ROM_sensor/BLE_UART_ONLY/export/BLE_UART_ONLY/hw/booleanfpga.xsa'.
15:47:03 INFO  : 'configparams mdm-detect-bscan-mask 2' command is executed.
15:47:03 INFO  : Context for processor 'microblaze_0' is selected.
15:47:03 INFO  : System reset is completed.
15:47:06 INFO  : 'after 3000' command is executed.
15:47:06 INFO  : Context for processor 'microblaze_0' is selected.
15:47:07 INFO  : The application 'D:/PSU/Winter_2024/544/fp/ROM_sensor/BLE_test/Debug/BLE_test.elf' is downloaded to processor 'microblaze_0'.
15:47:07 INFO  : ----------------XSDB Script----------------
connect -url tcp:127.0.0.1:3121
targets -set -filter {jtag_cable_name =~ "RealDigital Boo 887222440502A" && level==0 && jtag_device_ctx=="jsn1-0362f093-0"}
fpga -file D:/PSU/Winter_2024/544/fp/ROM_sensor/BLE_test/_ide/bitstream/download.bit
targets -set -nocase -filter {name =~ "*microblaze*#0" && bscan=="USER2" }
loadhw -hw D:/PSU/Winter_2024/544/fp/ROM_sensor/BLE_UART_ONLY/export/BLE_UART_ONLY/hw/booleanfpga.xsa -regs
configparams mdm-detect-bscan-mask 2
targets -set -nocase -filter {name =~ "*microblaze*#0" && bscan=="USER2" }
rst -system
after 3000
targets -set -nocase -filter {name =~ "*microblaze*#0" && bscan=="USER2" }
dow D:/PSU/Winter_2024/544/fp/ROM_sensor/BLE_test/Debug/BLE_test.elf
----------------End of Script----------------

15:47:07 INFO  : Context for processor 'microblaze_0' is selected.
15:47:07 INFO  : 'con' command is executed.
15:47:07 INFO  : ----------------XSDB Script (After Launch)----------------
targets -set -nocase -filter {name =~ "*microblaze*#0" && bscan=="USER2" }
con
----------------End of Script----------------

15:47:07 INFO  : Launch script is exported to file 'D:\PSU\Winter_2024\544\fp\ROM_sensor\BLE_test_system\_ide\scripts\systemdebugger_ble_test_system_standalone.tcl'
15:47:41 INFO  : Disconnected from the channel tcfchan#2.
15:47:41 INFO  : Connected to target on host '127.0.0.1' and port '3121'.
15:47:41 INFO  : Jtag cable 'RealDigital Boo 887222440502A' is selected.
15:47:41 INFO  : 'jtag frequency' command is executed.
15:47:41 INFO  : 'targets -set -filter {jtag_cable_name =~ "RealDigital Boo 887222440502A" && level==0 && jtag_device_ctx=="jsn1-0362f093-0"}' command is executed.
15:47:43 INFO  : Device configured successfully with "D:/PSU/Winter_2024/544/fp/ROM_sensor/BLE_test/_ide/bitstream/download.bit"
15:47:43 INFO  : Context for processor 'microblaze_0' is selected.
15:47:43 INFO  : Hardware design and registers information is loaded from 'D:/PSU/Winter_2024/544/fp/ROM_sensor/BLE_UART_ONLY/export/BLE_UART_ONLY/hw/booleanfpga.xsa'.
15:47:43 INFO  : 'configparams mdm-detect-bscan-mask 2' command is executed.
15:47:43 INFO  : Context for processor 'microblaze_0' is selected.
15:47:43 INFO  : System reset is completed.
15:47:46 INFO  : 'after 3000' command is executed.
15:47:46 INFO  : Context for processor 'microblaze_0' is selected.
15:47:46 INFO  : The application 'D:/PSU/Winter_2024/544/fp/ROM_sensor/BLE_test/Debug/BLE_test.elf' is downloaded to processor 'microblaze_0'.
15:47:46 INFO  : ----------------XSDB Script----------------
connect -url tcp:127.0.0.1:3121
targets -set -filter {jtag_cable_name =~ "RealDigital Boo 887222440502A" && level==0 && jtag_device_ctx=="jsn1-0362f093-0"}
fpga -file D:/PSU/Winter_2024/544/fp/ROM_sensor/BLE_test/_ide/bitstream/download.bit
targets -set -nocase -filter {name =~ "*microblaze*#0" && bscan=="USER2" }
loadhw -hw D:/PSU/Winter_2024/544/fp/ROM_sensor/BLE_UART_ONLY/export/BLE_UART_ONLY/hw/booleanfpga.xsa -regs
configparams mdm-detect-bscan-mask 2
targets -set -nocase -filter {name =~ "*microblaze*#0" && bscan=="USER2" }
rst -system
after 3000
targets -set -nocase -filter {name =~ "*microblaze*#0" && bscan=="USER2" }
dow D:/PSU/Winter_2024/544/fp/ROM_sensor/BLE_test/Debug/BLE_test.elf
----------------End of Script----------------

15:47:46 INFO  : Context for processor 'microblaze_0' is selected.
15:47:46 INFO  : 'con' command is executed.
15:47:46 INFO  : ----------------XSDB Script (After Launch)----------------
targets -set -nocase -filter {name =~ "*microblaze*#0" && bscan=="USER2" }
con
----------------End of Script----------------

15:47:46 INFO  : Launch script is exported to file 'D:\PSU\Winter_2024\544\fp\ROM_sensor\BLE_test_system\_ide\scripts\systemdebugger_ble_test_system_standalone.tcl'
15:48:31 INFO  : Checking for BSP changes to sync application flags for project 'BLE_test'...
15:48:36 INFO  : Disconnected from the channel tcfchan#3.
15:48:37 INFO  : Connected to target on host '127.0.0.1' and port '3121'.
15:48:46 INFO  : ----------------XSDB Script----------------
connect -url tcp:127.0.0.1:3121
----------------End of Script----------------

15:48:46 ERROR : Could not find FPGA device on the board for connection 'Local'.


Troubleshooting hints:
1. Check whether board is connected to system properly.
2. In case of zynq board, check whether Digilent/Xilinx cable switch settings are correct.
3. If you are using Xilinx Platform Cable USB, ensure that status LED is green.
15:49:17 INFO  : Checking for BSP changes to sync application flags for project 'BLE_test'...
15:49:22 INFO  : Connected to target on host '127.0.0.1' and port '3121'.
15:49:22 INFO  : Jtag cable 'RealDigital Boo 887222440502A' is selected.
15:49:22 INFO  : 'jtag frequency' command is executed.
15:49:22 INFO  : 'targets -set -filter {jtag_cable_name =~ "RealDigital Boo 887222440502A" && level==0 && jtag_device_ctx=="jsn1-0362f093-0"}' command is executed.
15:49:23 INFO  : Device configured successfully with "D:/PSU/Winter_2024/544/fp/ROM_sensor/BLE_test/_ide/bitstream/download.bit"
15:49:23 INFO  : Context for processor 'microblaze_0' is selected.
15:49:23 INFO  : Hardware design and registers information is loaded from 'D:/PSU/Winter_2024/544/fp/ROM_sensor/BLE_UART_ONLY/export/BLE_UART_ONLY/hw/booleanfpga.xsa'.
15:49:23 INFO  : 'configparams mdm-detect-bscan-mask 2' command is executed.
15:49:23 INFO  : Context for processor 'microblaze_0' is selected.
15:49:23 INFO  : System reset is completed.
15:49:26 INFO  : 'after 3000' command is executed.
15:49:26 INFO  : Context for processor 'microblaze_0' is selected.
15:49:27 INFO  : The application 'D:/PSU/Winter_2024/544/fp/ROM_sensor/BLE_test/Debug/BLE_test.elf' is downloaded to processor 'microblaze_0'.
15:49:27 INFO  : ----------------XSDB Script----------------
connect -url tcp:127.0.0.1:3121
targets -set -filter {jtag_cable_name =~ "RealDigital Boo 887222440502A" && level==0 && jtag_device_ctx=="jsn1-0362f093-0"}
fpga -file D:/PSU/Winter_2024/544/fp/ROM_sensor/BLE_test/_ide/bitstream/download.bit
targets -set -nocase -filter {name =~ "*microblaze*#0" && bscan=="USER2" }
loadhw -hw D:/PSU/Winter_2024/544/fp/ROM_sensor/BLE_UART_ONLY/export/BLE_UART_ONLY/hw/booleanfpga.xsa -regs
configparams mdm-detect-bscan-mask 2
targets -set -nocase -filter {name =~ "*microblaze*#0" && bscan=="USER2" }
rst -system
after 3000
targets -set -nocase -filter {name =~ "*microblaze*#0" && bscan=="USER2" }
dow D:/PSU/Winter_2024/544/fp/ROM_sensor/BLE_test/Debug/BLE_test.elf
----------------End of Script----------------

15:49:27 INFO  : Context for processor 'microblaze_0' is selected.
15:49:27 INFO  : 'con' command is executed.
15:49:27 INFO  : ----------------XSDB Script (After Launch)----------------
targets -set -nocase -filter {name =~ "*microblaze*#0" && bscan=="USER2" }
con
----------------End of Script----------------

15:49:27 INFO  : Launch script is exported to file 'D:\PSU\Winter_2024\544\fp\ROM_sensor\BLE_test_system\_ide\scripts\systemdebugger_ble_test_system_standalone.tcl'
15:50:04 INFO  : Checking for BSP changes to sync application flags for project 'BLE_test'...
15:50:10 INFO  : Disconnected from the channel tcfchan#4.
15:50:10 INFO  : Connected to target on host '127.0.0.1' and port '3121'.
15:50:10 INFO  : Jtag cable 'RealDigital Boo 887222440502A' is selected.
15:50:10 INFO  : 'jtag frequency' command is executed.
15:50:10 INFO  : 'targets -set -filter {jtag_cable_name =~ "RealDigital Boo 887222440502A" && level==0 && jtag_device_ctx=="jsn1-0362f093-0"}' command is executed.
15:50:11 INFO  : Device configured successfully with "D:/PSU/Winter_2024/544/fp/ROM_sensor/BLE_test/_ide/bitstream/download.bit"
15:50:12 INFO  : Context for processor 'microblaze_0' is selected.
15:50:12 INFO  : Hardware design and registers information is loaded from 'D:/PSU/Winter_2024/544/fp/ROM_sensor/BLE_UART_ONLY/export/BLE_UART_ONLY/hw/booleanfpga.xsa'.
15:50:12 INFO  : 'configparams mdm-detect-bscan-mask 2' command is executed.
15:50:12 INFO  : Context for processor 'microblaze_0' is selected.
15:50:12 INFO  : System reset is completed.
15:50:15 INFO  : 'after 3000' command is executed.
15:50:15 INFO  : Context for processor 'microblaze_0' is selected.
15:50:15 INFO  : The application 'D:/PSU/Winter_2024/544/fp/ROM_sensor/BLE_test/Debug/BLE_test.elf' is downloaded to processor 'microblaze_0'.
15:50:15 INFO  : ----------------XSDB Script----------------
connect -url tcp:127.0.0.1:3121
targets -set -filter {jtag_cable_name =~ "RealDigital Boo 887222440502A" && level==0 && jtag_device_ctx=="jsn1-0362f093-0"}
fpga -file D:/PSU/Winter_2024/544/fp/ROM_sensor/BLE_test/_ide/bitstream/download.bit
targets -set -nocase -filter {name =~ "*microblaze*#0" && bscan=="USER2" }
loadhw -hw D:/PSU/Winter_2024/544/fp/ROM_sensor/BLE_UART_ONLY/export/BLE_UART_ONLY/hw/booleanfpga.xsa -regs
configparams mdm-detect-bscan-mask 2
targets -set -nocase -filter {name =~ "*microblaze*#0" && bscan=="USER2" }
rst -system
after 3000
targets -set -nocase -filter {name =~ "*microblaze*#0" && bscan=="USER2" }
dow D:/PSU/Winter_2024/544/fp/ROM_sensor/BLE_test/Debug/BLE_test.elf
----------------End of Script----------------

15:50:15 INFO  : Context for processor 'microblaze_0' is selected.
15:50:15 INFO  : 'con' command is executed.
15:50:15 INFO  : ----------------XSDB Script (After Launch)----------------
targets -set -nocase -filter {name =~ "*microblaze*#0" && bscan=="USER2" }
con
----------------End of Script----------------

15:50:15 INFO  : Launch script is exported to file 'D:\PSU\Winter_2024\544\fp\ROM_sensor\BLE_test_system\_ide\scripts\systemdebugger_ble_test_system_standalone.tcl'
15:50:31 INFO  : Disconnected from the channel tcfchan#5.
15:50:32 INFO  : Connected to target on host '127.0.0.1' and port '3121'.
15:50:41 INFO  : ----------------XSDB Script----------------
connect -url tcp:127.0.0.1:3121
----------------End of Script----------------

15:50:41 ERROR : Could not find FPGA device on the board for connection 'Local'.


Troubleshooting hints:
1. Check whether board is connected to system properly.
2. In case of zynq board, check whether Digilent/Xilinx cable switch settings are correct.
3. If you are using Xilinx Platform Cable USB, ensure that status LED is green.
15:51:03 INFO  : Connected to target on host '127.0.0.1' and port '3121'.
15:51:03 INFO  : Jtag cable 'RealDigital Boo 887222440502A' is selected.
15:51:03 INFO  : 'jtag frequency' command is executed.
15:51:03 INFO  : 'targets -set -filter {jtag_cable_name =~ "RealDigital Boo 887222440502A" && level==0 && jtag_device_ctx=="jsn1-0362f093-0"}' command is executed.
15:51:05 INFO  : Device configured successfully with "D:/PSU/Winter_2024/544/fp/ROM_sensor/BLE_test/_ide/bitstream/download.bit"
15:51:05 INFO  : Context for processor 'microblaze_0' is selected.
15:51:05 INFO  : Hardware design and registers information is loaded from 'D:/PSU/Winter_2024/544/fp/ROM_sensor/BLE_UART_ONLY/export/BLE_UART_ONLY/hw/booleanfpga.xsa'.
15:51:05 INFO  : 'configparams mdm-detect-bscan-mask 2' command is executed.
15:51:05 INFO  : Context for processor 'microblaze_0' is selected.
15:51:05 INFO  : System reset is completed.
15:51:08 INFO  : 'after 3000' command is executed.
15:51:08 INFO  : Context for processor 'microblaze_0' is selected.
15:51:08 INFO  : The application 'D:/PSU/Winter_2024/544/fp/ROM_sensor/BLE_test/Debug/BLE_test.elf' is downloaded to processor 'microblaze_0'.
15:51:08 INFO  : ----------------XSDB Script----------------
connect -url tcp:127.0.0.1:3121
targets -set -filter {jtag_cable_name =~ "RealDigital Boo 887222440502A" && level==0 && jtag_device_ctx=="jsn1-0362f093-0"}
fpga -file D:/PSU/Winter_2024/544/fp/ROM_sensor/BLE_test/_ide/bitstream/download.bit
targets -set -nocase -filter {name =~ "*microblaze*#0" && bscan=="USER2" }
loadhw -hw D:/PSU/Winter_2024/544/fp/ROM_sensor/BLE_UART_ONLY/export/BLE_UART_ONLY/hw/booleanfpga.xsa -regs
configparams mdm-detect-bscan-mask 2
targets -set -nocase -filter {name =~ "*microblaze*#0" && bscan=="USER2" }
rst -system
after 3000
targets -set -nocase -filter {name =~ "*microblaze*#0" && bscan=="USER2" }
dow D:/PSU/Winter_2024/544/fp/ROM_sensor/BLE_test/Debug/BLE_test.elf
----------------End of Script----------------

15:51:38 INFO  : Disconnected from the channel tcfchan#6.
15:51:39 INFO  : Connected to target on host '127.0.0.1' and port '3121'.
15:51:39 INFO  : Jtag cable 'RealDigital Boo 887222440502A' is selected.
15:51:39 INFO  : 'jtag frequency' command is executed.
15:51:39 INFO  : 'targets -set -filter {jtag_cable_name =~ "RealDigital Boo 887222440502A" && level==0 && jtag_device_ctx=="jsn1-0362f093-0"}' command is executed.
15:51:41 INFO  : Device configured successfully with "D:/PSU/Winter_2024/544/fp/ROM_sensor/BLE_test/_ide/bitstream/download.bit"
15:51:41 INFO  : Context for processor 'microblaze_0' is selected.
15:51:41 INFO  : Hardware design and registers information is loaded from 'D:/PSU/Winter_2024/544/fp/ROM_sensor/BLE_UART_ONLY/export/BLE_UART_ONLY/hw/booleanfpga.xsa'.
15:51:41 INFO  : 'configparams mdm-detect-bscan-mask 2' command is executed.
15:51:41 INFO  : Context for processor 'microblaze_0' is selected.
15:51:41 INFO  : System reset is completed.
15:51:44 INFO  : 'after 3000' command is executed.
15:51:44 INFO  : Context for processor 'microblaze_0' is selected.
15:51:44 INFO  : The application 'D:/PSU/Winter_2024/544/fp/ROM_sensor/BLE_test/Debug/BLE_test.elf' is downloaded to processor 'microblaze_0'.
15:51:44 INFO  : ----------------XSDB Script----------------
connect -url tcp:127.0.0.1:3121
targets -set -filter {jtag_cable_name =~ "RealDigital Boo 887222440502A" && level==0 && jtag_device_ctx=="jsn1-0362f093-0"}
fpga -file D:/PSU/Winter_2024/544/fp/ROM_sensor/BLE_test/_ide/bitstream/download.bit
targets -set -nocase -filter {name =~ "*microblaze*#0" && bscan=="USER2" }
loadhw -hw D:/PSU/Winter_2024/544/fp/ROM_sensor/BLE_UART_ONLY/export/BLE_UART_ONLY/hw/booleanfpga.xsa -regs
configparams mdm-detect-bscan-mask 2
targets -set -nocase -filter {name =~ "*microblaze*#0" && bscan=="USER2" }
rst -system
after 3000
targets -set -nocase -filter {name =~ "*microblaze*#0" && bscan=="USER2" }
dow D:/PSU/Winter_2024/544/fp/ROM_sensor/BLE_test/Debug/BLE_test.elf
----------------End of Script----------------

15:52:14 INFO  : Disconnected from the channel tcfchan#7.
15:52:30 INFO  : Connected to target on host '127.0.0.1' and port '3121'.
15:52:31 INFO  : Jtag cable 'RealDigital Boo 887222440502A' is selected.
15:52:31 INFO  : 'jtag frequency' command is executed.
15:52:31 INFO  : 'targets -set -filter {jtag_cable_name =~ "RealDigital Boo 887222440502A" && level==0 && jtag_device_ctx=="jsn1-0362f093-0"}' command is executed.
15:52:32 INFO  : Device configured successfully with "D:/PSU/Winter_2024/544/fp/ROM_sensor/BLE_test/_ide/bitstream/download.bit"
15:52:32 INFO  : Context for processor 'microblaze_0' is selected.
15:52:32 INFO  : Hardware design and registers information is loaded from 'D:/PSU/Winter_2024/544/fp/ROM_sensor/BLE_UART_ONLY/export/BLE_UART_ONLY/hw/booleanfpga.xsa'.
15:52:32 INFO  : 'configparams mdm-detect-bscan-mask 2' command is executed.
15:52:32 INFO  : Context for processor 'microblaze_0' is selected.
15:52:32 INFO  : System reset is completed.
15:52:35 INFO  : 'after 3000' command is executed.
15:52:35 INFO  : Context for processor 'microblaze_0' is selected.
15:52:36 INFO  : The application 'D:/PSU/Winter_2024/544/fp/ROM_sensor/BLE_test/Debug/BLE_test.elf' is downloaded to processor 'microblaze_0'.
15:52:36 INFO  : ----------------XSDB Script----------------
connect -url tcp:127.0.0.1:3121
targets -set -filter {jtag_cable_name =~ "RealDigital Boo 887222440502A" && level==0 && jtag_device_ctx=="jsn1-0362f093-0"}
fpga -file D:/PSU/Winter_2024/544/fp/ROM_sensor/BLE_test/_ide/bitstream/download.bit
targets -set -nocase -filter {name =~ "*microblaze*#0" && bscan=="USER2" }
loadhw -hw D:/PSU/Winter_2024/544/fp/ROM_sensor/BLE_UART_ONLY/export/BLE_UART_ONLY/hw/booleanfpga.xsa -regs
configparams mdm-detect-bscan-mask 2
targets -set -nocase -filter {name =~ "*microblaze*#0" && bscan=="USER2" }
rst -system
after 3000
targets -set -nocase -filter {name =~ "*microblaze*#0" && bscan=="USER2" }
dow D:/PSU/Winter_2024/544/fp/ROM_sensor/BLE_test/Debug/BLE_test.elf
----------------End of Script----------------

15:52:36 INFO  : Context for processor 'microblaze_0' is selected.
15:52:36 INFO  : 'con' command is executed.
15:52:36 INFO  : ----------------XSDB Script (After Launch)----------------
targets -set -nocase -filter {name =~ "*microblaze*#0" && bscan=="USER2" }
con
----------------End of Script----------------

15:52:36 INFO  : Disconnected from the channel tcfchan#8.
15:53:04 INFO  : Connected to target on host '127.0.0.1' and port '3121'.
15:53:05 INFO  : Jtag cable 'RealDigital Boo 887222440502A' is selected.
15:53:05 INFO  : 'jtag frequency' command is executed.
15:53:05 INFO  : 'targets -set -filter {jtag_cable_name =~ "RealDigital Boo 887222440502A" && level==0 && jtag_device_ctx=="jsn1-0362f093-0"}' command is executed.
15:53:06 INFO  : Device configured successfully with "D:/PSU/Winter_2024/544/fp/ROM_sensor/BLE_test/_ide/bitstream/download.bit"
15:53:06 INFO  : Context for processor 'microblaze_0' is selected.
15:53:07 INFO  : Hardware design and registers information is loaded from 'D:/PSU/Winter_2024/544/fp/ROM_sensor/BLE_UART_ONLY/export/BLE_UART_ONLY/hw/booleanfpga.xsa'.
15:53:07 INFO  : 'configparams mdm-detect-bscan-mask 2' command is executed.
15:53:07 INFO  : Context for processor 'microblaze_0' is selected.
15:53:07 INFO  : System reset is completed.
15:53:10 INFO  : 'after 3000' command is executed.
15:53:10 INFO  : Context for processor 'microblaze_0' is selected.
15:53:10 INFO  : The application 'D:/PSU/Winter_2024/544/fp/ROM_sensor/BLE_test/Debug/BLE_test.elf' is downloaded to processor 'microblaze_0'.
15:53:10 INFO  : ----------------XSDB Script----------------
connect -url tcp:127.0.0.1:3121
targets -set -filter {jtag_cable_name =~ "RealDigital Boo 887222440502A" && level==0 && jtag_device_ctx=="jsn1-0362f093-0"}
fpga -file D:/PSU/Winter_2024/544/fp/ROM_sensor/BLE_test/_ide/bitstream/download.bit
targets -set -nocase -filter {name =~ "*microblaze*#0" && bscan=="USER2" }
loadhw -hw D:/PSU/Winter_2024/544/fp/ROM_sensor/BLE_UART_ONLY/export/BLE_UART_ONLY/hw/booleanfpga.xsa -regs
configparams mdm-detect-bscan-mask 2
targets -set -nocase -filter {name =~ "*microblaze*#0" && bscan=="USER2" }
rst -system
after 3000
targets -set -nocase -filter {name =~ "*microblaze*#0" && bscan=="USER2" }
dow D:/PSU/Winter_2024/544/fp/ROM_sensor/BLE_test/Debug/BLE_test.elf
----------------End of Script----------------

15:53:10 INFO  : Context for processor 'microblaze_0' is selected.
15:53:10 INFO  : 'con' command is executed.
15:53:10 INFO  : ----------------XSDB Script (After Launch)----------------
targets -set -nocase -filter {name =~ "*microblaze*#0" && bscan=="USER2" }
con
----------------End of Script----------------

15:53:10 INFO  : Disconnected from the channel tcfchan#9.
15:53:24 INFO  : Connected to target on host '127.0.0.1' and port '3121'.
15:53:25 INFO  : Jtag cable 'RealDigital Boo 887222440502A' is selected.
15:53:25 INFO  : 'jtag frequency' command is executed.
15:53:25 INFO  : 'targets -set -filter {jtag_cable_name =~ "RealDigital Boo 887222440502A" && level==0 && jtag_device_ctx=="jsn1-0362f093-0"}' command is executed.
15:53:26 INFO  : Device configured successfully with "D:/PSU/Winter_2024/544/fp/ROM_sensor/BLE_test/_ide/bitstream/download.bit"
15:53:26 INFO  : Context for processor 'microblaze_0' is selected.
15:53:26 INFO  : Hardware design and registers information is loaded from 'D:/PSU/Winter_2024/544/fp/ROM_sensor/BLE_UART_ONLY/export/BLE_UART_ONLY/hw/booleanfpga.xsa'.
15:53:26 INFO  : 'configparams mdm-detect-bscan-mask 2' command is executed.
15:53:26 INFO  : Context for processor 'microblaze_0' is selected.
15:53:26 INFO  : System reset is completed.
15:53:29 INFO  : 'after 3000' command is executed.
15:53:29 INFO  : Context for processor 'microblaze_0' is selected.
15:53:30 INFO  : The application 'D:/PSU/Winter_2024/544/fp/ROM_sensor/BLE_test/Debug/BLE_test.elf' is downloaded to processor 'microblaze_0'.
15:53:30 INFO  : ----------------XSDB Script----------------
connect -url tcp:127.0.0.1:3121
targets -set -filter {jtag_cable_name =~ "RealDigital Boo 887222440502A" && level==0 && jtag_device_ctx=="jsn1-0362f093-0"}
fpga -file D:/PSU/Winter_2024/544/fp/ROM_sensor/BLE_test/_ide/bitstream/download.bit
targets -set -nocase -filter {name =~ "*microblaze*#0" && bscan=="USER2" }
loadhw -hw D:/PSU/Winter_2024/544/fp/ROM_sensor/BLE_UART_ONLY/export/BLE_UART_ONLY/hw/booleanfpga.xsa -regs
configparams mdm-detect-bscan-mask 2
targets -set -nocase -filter {name =~ "*microblaze*#0" && bscan=="USER2" }
rst -system
after 3000
targets -set -nocase -filter {name =~ "*microblaze*#0" && bscan=="USER2" }
dow D:/PSU/Winter_2024/544/fp/ROM_sensor/BLE_test/Debug/BLE_test.elf
----------------End of Script----------------

