
*** Running vivado
    with args -log bidirec.vds -m64 -product Vivado -mode batch -messageDb vivado.pb -notrace -source bidirec.tcl



****** Vivado v2022.2 (64-bit)
  **** SW Build 3671981 on Fri Oct 14 05:00:03 MDT 2022
  **** IP Build 3669848 on Fri Oct 14 08:30:02 MDT 2022
    ** Copyright 1986-2022 Xilinx, Inc. All Rights Reserved.

Sourcing tcl script 'E:/Xilinx/Vivado/2022.2/scripts/Vivado_init.tcl'
source bidirec.tcl -notrace
INFO: [IP_Flow 19-234] Refreshing IP repositories
INFO: [IP_Flow 19-1700] Loaded user IP repository 'd:/PSU/Winter_2024/544/P1/IP/ece544ip_w24'.
INFO: [IP_Flow 19-2313] Loaded Vivado IP repository 'E:/Xilinx/Vivado/2022.2/data/ip'.
Command: read_checkpoint -auto_incremental -incremental D:/PSU/Winter_2024/544/fp/ROM_sensor/vivado/project_2/project_2.srcs/utils_1/imports/synth_1/booleanfpga.dcp
INFO: [Vivado 12-5825] Read reference checkpoint from D:/PSU/Winter_2024/544/fp/ROM_sensor/vivado/project_2/project_2.srcs/utils_1/imports/synth_1/booleanfpga.dcp for incremental synthesis
INFO: [Vivado 12-7989] Please ensure there are no constraint changes
Command: synth_design -top bidirec -part xc7s50csga324-1
Starting synth_design
Attempting to get a license for feature 'Synthesis' and/or device 'xc7s50'
INFO: [Common 17-349] Got license for feature 'Synthesis' and/or device 'xc7s50'
INFO: [Device 21-403] Loading part xc7s50csga324-1
INFO: [Synth 8-7079] Multithreading enabled for synth_design using a maximum of 4 processes.
INFO: [Synth 8-7078] Launching helper process for spawning children vivado processes
INFO: [Synth 8-7075] Helper process launched with PID 49276
INFO: [Synth 8-11241] undeclared symbol 'REGCCE', assumed default net type 'wire' [E:/Xilinx/Vivado/2022.2/data/verilog/src/unimacro/BRAM_SINGLE_MACRO.v:2170]
---------------------------------------------------------------------------------
Starting RTL Elaboration : Time (s): cpu = 00:00:01 ; elapsed = 00:00:04 . Memory (MB): peak = 1819.453 ; gain = 406.801
---------------------------------------------------------------------------------
INFO: [Synth 8-6157] synthesizing module 'bidirec' [D:/PSU/Winter_2024/544/fp/ROM_sensor/vivado/project_2/project_2.srcs/sources_1/imports/Proj2_rel/bidirec.v:1]
INFO: [Synth 8-6157] synthesizing module 'IOBUF' [E:/Xilinx/Vivado/2022.2/scripts/rt/data/unisim_comp.v:75902]
	Parameter DRIVE bound to: 16 - type: integer 
	Parameter IOSTANDARD bound to: LVCMOS33 - type: string 
INFO: [Synth 8-6155] done synthesizing module 'IOBUF' (0#1) [E:/Xilinx/Vivado/2022.2/scripts/rt/data/unisim_comp.v:75902]
INFO: [Synth 8-6155] done synthesizing module 'bidirec' (0#1) [D:/PSU/Winter_2024/544/fp/ROM_sensor/vivado/project_2/project_2.srcs/sources_1/imports/Proj2_rel/bidirec.v:1]
---------------------------------------------------------------------------------
Finished RTL Elaboration : Time (s): cpu = 00:00:02 ; elapsed = 00:00:05 . Memory (MB): peak = 1909.688 ; gain = 497.035
---------------------------------------------------------------------------------
---------------------------------------------------------------------------------
Start Handling Custom Attributes
---------------------------------------------------------------------------------
---------------------------------------------------------------------------------
Finished Handling Custom Attributes : Time (s): cpu = 00:00:02 ; elapsed = 00:00:06 . Memory (MB): peak = 1909.688 ; gain = 497.035
---------------------------------------------------------------------------------
---------------------------------------------------------------------------------
Finished RTL Optimization Phase 1 : Time (s): cpu = 00:00:02 ; elapsed = 00:00:06 . Memory (MB): peak = 1909.688 ; gain = 497.035
---------------------------------------------------------------------------------
Netlist sorting complete. Time (s): cpu = 00:00:00 ; elapsed = 00:00:00 . Memory (MB): peak = 1909.688 ; gain = 0.000
INFO: [Netlist 29-17] Analyzing 1 Unisim elements for replacement
INFO: [Netlist 29-28] Unisim Transformation completed in 0 CPU seconds
INFO: [Project 1-570] Preparing netlist for logic optimization

Processing XDC Constraints
Initializing timing engine
Parsing XDC File [D:/PSU/Winter_2024/544/fp/ROM_sensor/vivado/project_2/project_2.srcs/constrs_1/imports/Proj2_rel/booleanfpga.xdc]
WARNING: [Vivado 12-584] No ports matched 'clk'. [D:/PSU/Winter_2024/544/fp/ROM_sensor/vivado/project_2/project_2.srcs/constrs_1/imports/Proj2_rel/booleanfpga.xdc:3]
CRITICAL WARNING: [Common 17-55] 'set_property' expects at least one object. [D:/PSU/Winter_2024/544/fp/ROM_sensor/vivado/project_2/project_2.srcs/constrs_1/imports/Proj2_rel/booleanfpga.xdc:3]
Resolution: If [get_<value>] was used to populate the object, check to make sure this command returns at least one valid object.
WARNING: [Vivado 12-584] No ports matched 'sw[0]'. [D:/PSU/Winter_2024/544/fp/ROM_sensor/vivado/project_2/project_2.srcs/constrs_1/imports/Proj2_rel/booleanfpga.xdc:10]
CRITICAL WARNING: [Common 17-55] 'set_property' expects at least one object. [D:/PSU/Winter_2024/544/fp/ROM_sensor/vivado/project_2/project_2.srcs/constrs_1/imports/Proj2_rel/booleanfpga.xdc:10]
Resolution: If [get_<value>] was used to populate the object, check to make sure this command returns at least one valid object.
WARNING: [Vivado 12-584] No ports matched 'sw[1]'. [D:/PSU/Winter_2024/544/fp/ROM_sensor/vivado/project_2/project_2.srcs/constrs_1/imports/Proj2_rel/booleanfpga.xdc:11]
CRITICAL WARNING: [Common 17-55] 'set_property' expects at least one object. [D:/PSU/Winter_2024/544/fp/ROM_sensor/vivado/project_2/project_2.srcs/constrs_1/imports/Proj2_rel/booleanfpga.xdc:11]
Resolution: If [get_<value>] was used to populate the object, check to make sure this command returns at least one valid object.
WARNING: [Vivado 12-584] No ports matched 'sw[2]'. [D:/PSU/Winter_2024/544/fp/ROM_sensor/vivado/project_2/project_2.srcs/constrs_1/imports/Proj2_rel/booleanfpga.xdc:12]
CRITICAL WARNING: [Common 17-55] 'set_property' expects at least one object. [D:/PSU/Winter_2024/544/fp/ROM_sensor/vivado/project_2/project_2.srcs/constrs_1/imports/Proj2_rel/booleanfpga.xdc:12]
Resolution: If [get_<value>] was used to populate the object, check to make sure this command returns at least one valid object.
WARNING: [Vivado 12-584] No ports matched 'sw[3]'. [D:/PSU/Winter_2024/544/fp/ROM_sensor/vivado/project_2/project_2.srcs/constrs_1/imports/Proj2_rel/booleanfpga.xdc:13]
CRITICAL WARNING: [Common 17-55] 'set_property' expects at least one object. [D:/PSU/Winter_2024/544/fp/ROM_sensor/vivado/project_2/project_2.srcs/constrs_1/imports/Proj2_rel/booleanfpga.xdc:13]
Resolution: If [get_<value>] was used to populate the object, check to make sure this command returns at least one valid object.
WARNING: [Vivado 12-584] No ports matched 'sw[4]'. [D:/PSU/Winter_2024/544/fp/ROM_sensor/vivado/project_2/project_2.srcs/constrs_1/imports/Proj2_rel/booleanfpga.xdc:14]
CRITICAL WARNING: [Common 17-55] 'set_property' expects at least one object. [D:/PSU/Winter_2024/544/fp/ROM_sensor/vivado/project_2/project_2.srcs/constrs_1/imports/Proj2_rel/booleanfpga.xdc:14]
Resolution: If [get_<value>] was used to populate the object, check to make sure this command returns at least one valid object.
WARNING: [Vivado 12-584] No ports matched 'sw[5]'. [D:/PSU/Winter_2024/544/fp/ROM_sensor/vivado/project_2/project_2.srcs/constrs_1/imports/Proj2_rel/booleanfpga.xdc:15]
CRITICAL WARNING: [Common 17-55] 'set_property' expects at least one object. [D:/PSU/Winter_2024/544/fp/ROM_sensor/vivado/project_2/project_2.srcs/constrs_1/imports/Proj2_rel/booleanfpga.xdc:15]
Resolution: If [get_<value>] was used to populate the object, check to make sure this command returns at least one valid object.
WARNING: [Vivado 12-584] No ports matched 'sw[6]'. [D:/PSU/Winter_2024/544/fp/ROM_sensor/vivado/project_2/project_2.srcs/constrs_1/imports/Proj2_rel/booleanfpga.xdc:16]
CRITICAL WARNING: [Common 17-55] 'set_property' expects at least one object. [D:/PSU/Winter_2024/544/fp/ROM_sensor/vivado/project_2/project_2.srcs/constrs_1/imports/Proj2_rel/booleanfpga.xdc:16]
Resolution: If [get_<value>] was used to populate the object, check to make sure this command returns at least one valid object.
WARNING: [Vivado 12-584] No ports matched 'sw[7]'. [D:/PSU/Winter_2024/544/fp/ROM_sensor/vivado/project_2/project_2.srcs/constrs_1/imports/Proj2_rel/booleanfpga.xdc:17]
CRITICAL WARNING: [Common 17-55] 'set_property' expects at least one object. [D:/PSU/Winter_2024/544/fp/ROM_sensor/vivado/project_2/project_2.srcs/constrs_1/imports/Proj2_rel/booleanfpga.xdc:17]
Resolution: If [get_<value>] was used to populate the object, check to make sure this command returns at least one valid object.
WARNING: [Vivado 12-584] No ports matched 'sw[8]'. [D:/PSU/Winter_2024/544/fp/ROM_sensor/vivado/project_2/project_2.srcs/constrs_1/imports/Proj2_rel/booleanfpga.xdc:18]
CRITICAL WARNING: [Common 17-55] 'set_property' expects at least one object. [D:/PSU/Winter_2024/544/fp/ROM_sensor/vivado/project_2/project_2.srcs/constrs_1/imports/Proj2_rel/booleanfpga.xdc:18]
Resolution: If [get_<value>] was used to populate the object, check to make sure this command returns at least one valid object.
WARNING: [Vivado 12-584] No ports matched 'sw[9]'. [D:/PSU/Winter_2024/544/fp/ROM_sensor/vivado/project_2/project_2.srcs/constrs_1/imports/Proj2_rel/booleanfpga.xdc:19]
CRITICAL WARNING: [Common 17-55] 'set_property' expects at least one object. [D:/PSU/Winter_2024/544/fp/ROM_sensor/vivado/project_2/project_2.srcs/constrs_1/imports/Proj2_rel/booleanfpga.xdc:19]
Resolution: If [get_<value>] was used to populate the object, check to make sure this command returns at least one valid object.
WARNING: [Vivado 12-584] No ports matched 'sw[10]'. [D:/PSU/Winter_2024/544/fp/ROM_sensor/vivado/project_2/project_2.srcs/constrs_1/imports/Proj2_rel/booleanfpga.xdc:20]
CRITICAL WARNING: [Common 17-55] 'set_property' expects at least one object. [D:/PSU/Winter_2024/544/fp/ROM_sensor/vivado/project_2/project_2.srcs/constrs_1/imports/Proj2_rel/booleanfpga.xdc:20]
Resolution: If [get_<value>] was used to populate the object, check to make sure this command returns at least one valid object.
WARNING: [Vivado 12-584] No ports matched 'sw[11]'. [D:/PSU/Winter_2024/544/fp/ROM_sensor/vivado/project_2/project_2.srcs/constrs_1/imports/Proj2_rel/booleanfpga.xdc:21]
CRITICAL WARNING: [Common 17-55] 'set_property' expects at least one object. [D:/PSU/Winter_2024/544/fp/ROM_sensor/vivado/project_2/project_2.srcs/constrs_1/imports/Proj2_rel/booleanfpga.xdc:21]
Resolution: If [get_<value>] was used to populate the object, check to make sure this command returns at least one valid object.
WARNING: [Vivado 12-584] No ports matched 'sw[12]'. [D:/PSU/Winter_2024/544/fp/ROM_sensor/vivado/project_2/project_2.srcs/constrs_1/imports/Proj2_rel/booleanfpga.xdc:22]
CRITICAL WARNING: [Common 17-55] 'set_property' expects at least one object. [D:/PSU/Winter_2024/544/fp/ROM_sensor/vivado/project_2/project_2.srcs/constrs_1/imports/Proj2_rel/booleanfpga.xdc:22]
Resolution: If [get_<value>] was used to populate the object, check to make sure this command returns at least one valid object.
WARNING: [Vivado 12-584] No ports matched 'sw[13]'. [D:/PSU/Winter_2024/544/fp/ROM_sensor/vivado/project_2/project_2.srcs/constrs_1/imports/Proj2_rel/booleanfpga.xdc:23]
CRITICAL WARNING: [Common 17-55] 'set_property' expects at least one object. [D:/PSU/Winter_2024/544/fp/ROM_sensor/vivado/project_2/project_2.srcs/constrs_1/imports/Proj2_rel/booleanfpga.xdc:23]
Resolution: If [get_<value>] was used to populate the object, check to make sure this command returns at least one valid object.
WARNING: [Vivado 12-584] No ports matched 'sw[14]'. [D:/PSU/Winter_2024/544/fp/ROM_sensor/vivado/project_2/project_2.srcs/constrs_1/imports/Proj2_rel/booleanfpga.xdc:24]
CRITICAL WARNING: [Common 17-55] 'set_property' expects at least one object. [D:/PSU/Winter_2024/544/fp/ROM_sensor/vivado/project_2/project_2.srcs/constrs_1/imports/Proj2_rel/booleanfpga.xdc:24]
Resolution: If [get_<value>] was used to populate the object, check to make sure this command returns at least one valid object.
WARNING: [Vivado 12-584] No ports matched 'sw[15]'. [D:/PSU/Winter_2024/544/fp/ROM_sensor/vivado/project_2/project_2.srcs/constrs_1/imports/Proj2_rel/booleanfpga.xdc:25]
CRITICAL WARNING: [Common 17-55] 'set_property' expects at least one object. [D:/PSU/Winter_2024/544/fp/ROM_sensor/vivado/project_2/project_2.srcs/constrs_1/imports/Proj2_rel/booleanfpga.xdc:25]
Resolution: If [get_<value>] was used to populate the object, check to make sure this command returns at least one valid object.
WARNING: [Vivado 12-584] No ports matched 'led[0]'. [D:/PSU/Winter_2024/544/fp/ROM_sensor/vivado/project_2/project_2.srcs/constrs_1/imports/Proj2_rel/booleanfpga.xdc:28]
CRITICAL WARNING: [Common 17-55] 'set_property' expects at least one object. [D:/PSU/Winter_2024/544/fp/ROM_sensor/vivado/project_2/project_2.srcs/constrs_1/imports/Proj2_rel/booleanfpga.xdc:28]
Resolution: If [get_<value>] was used to populate the object, check to make sure this command returns at least one valid object.
WARNING: [Vivado 12-584] No ports matched 'led[1]'. [D:/PSU/Winter_2024/544/fp/ROM_sensor/vivado/project_2/project_2.srcs/constrs_1/imports/Proj2_rel/booleanfpga.xdc:29]
CRITICAL WARNING: [Common 17-55] 'set_property' expects at least one object. [D:/PSU/Winter_2024/544/fp/ROM_sensor/vivado/project_2/project_2.srcs/constrs_1/imports/Proj2_rel/booleanfpga.xdc:29]
Resolution: If [get_<value>] was used to populate the object, check to make sure this command returns at least one valid object.
WARNING: [Vivado 12-584] No ports matched 'led[2]'. [D:/PSU/Winter_2024/544/fp/ROM_sensor/vivado/project_2/project_2.srcs/constrs_1/imports/Proj2_rel/booleanfpga.xdc:30]
CRITICAL WARNING: [Common 17-55] 'set_property' expects at least one object. [D:/PSU/Winter_2024/544/fp/ROM_sensor/vivado/project_2/project_2.srcs/constrs_1/imports/Proj2_rel/booleanfpga.xdc:30]
Resolution: If [get_<value>] was used to populate the object, check to make sure this command returns at least one valid object.
WARNING: [Vivado 12-584] No ports matched 'led[3]'. [D:/PSU/Winter_2024/544/fp/ROM_sensor/vivado/project_2/project_2.srcs/constrs_1/imports/Proj2_rel/booleanfpga.xdc:31]
CRITICAL WARNING: [Common 17-55] 'set_property' expects at least one object. [D:/PSU/Winter_2024/544/fp/ROM_sensor/vivado/project_2/project_2.srcs/constrs_1/imports/Proj2_rel/booleanfpga.xdc:31]
Resolution: If [get_<value>] was used to populate the object, check to make sure this command returns at least one valid object.
WARNING: [Vivado 12-584] No ports matched 'led[4]'. [D:/PSU/Winter_2024/544/fp/ROM_sensor/vivado/project_2/project_2.srcs/constrs_1/imports/Proj2_rel/booleanfpga.xdc:32]
CRITICAL WARNING: [Common 17-55] 'set_property' expects at least one object. [D:/PSU/Winter_2024/544/fp/ROM_sensor/vivado/project_2/project_2.srcs/constrs_1/imports/Proj2_rel/booleanfpga.xdc:32]
Resolution: If [get_<value>] was used to populate the object, check to make sure this command returns at least one valid object.
WARNING: [Vivado 12-584] No ports matched 'led[5]'. [D:/PSU/Winter_2024/544/fp/ROM_sensor/vivado/project_2/project_2.srcs/constrs_1/imports/Proj2_rel/booleanfpga.xdc:33]
CRITICAL WARNING: [Common 17-55] 'set_property' expects at least one object. [D:/PSU/Winter_2024/544/fp/ROM_sensor/vivado/project_2/project_2.srcs/constrs_1/imports/Proj2_rel/booleanfpga.xdc:33]
Resolution: If [get_<value>] was used to populate the object, check to make sure this command returns at least one valid object.
WARNING: [Vivado 12-584] No ports matched 'led[6]'. [D:/PSU/Winter_2024/544/fp/ROM_sensor/vivado/project_2/project_2.srcs/constrs_1/imports/Proj2_rel/booleanfpga.xdc:34]
CRITICAL WARNING: [Common 17-55] 'set_property' expects at least one object. [D:/PSU/Winter_2024/544/fp/ROM_sensor/vivado/project_2/project_2.srcs/constrs_1/imports/Proj2_rel/booleanfpga.xdc:34]
Resolution: If [get_<value>] was used to populate the object, check to make sure this command returns at least one valid object.
WARNING: [Vivado 12-584] No ports matched 'led[7]'. [D:/PSU/Winter_2024/544/fp/ROM_sensor/vivado/project_2/project_2.srcs/constrs_1/imports/Proj2_rel/booleanfpga.xdc:35]
CRITICAL WARNING: [Common 17-55] 'set_property' expects at least one object. [D:/PSU/Winter_2024/544/fp/ROM_sensor/vivado/project_2/project_2.srcs/constrs_1/imports/Proj2_rel/booleanfpga.xdc:35]
Resolution: If [get_<value>] was used to populate the object, check to make sure this command returns at least one valid object.
WARNING: [Vivado 12-584] No ports matched 'led[8]'. [D:/PSU/Winter_2024/544/fp/ROM_sensor/vivado/project_2/project_2.srcs/constrs_1/imports/Proj2_rel/booleanfpga.xdc:36]
CRITICAL WARNING: [Common 17-55] 'set_property' expects at least one object. [D:/PSU/Winter_2024/544/fp/ROM_sensor/vivado/project_2/project_2.srcs/constrs_1/imports/Proj2_rel/booleanfpga.xdc:36]
Resolution: If [get_<value>] was used to populate the object, check to make sure this command returns at least one valid object.
WARNING: [Vivado 12-584] No ports matched 'led[9]'. [D:/PSU/Winter_2024/544/fp/ROM_sensor/vivado/project_2/project_2.srcs/constrs_1/imports/Proj2_rel/booleanfpga.xdc:37]
CRITICAL WARNING: [Common 17-55] 'set_property' expects at least one object. [D:/PSU/Winter_2024/544/fp/ROM_sensor/vivado/project_2/project_2.srcs/constrs_1/imports/Proj2_rel/booleanfpga.xdc:37]
Resolution: If [get_<value>] was used to populate the object, check to make sure this command returns at least one valid object.
WARNING: [Vivado 12-584] No ports matched 'led[10]'. [D:/PSU/Winter_2024/544/fp/ROM_sensor/vivado/project_2/project_2.srcs/constrs_1/imports/Proj2_rel/booleanfpga.xdc:38]
CRITICAL WARNING: [Common 17-55] 'set_property' expects at least one object. [D:/PSU/Winter_2024/544/fp/ROM_sensor/vivado/project_2/project_2.srcs/constrs_1/imports/Proj2_rel/booleanfpga.xdc:38]
Resolution: If [get_<value>] was used to populate the object, check to make sure this command returns at least one valid object.
WARNING: [Vivado 12-584] No ports matched 'led[11]'. [D:/PSU/Winter_2024/544/fp/ROM_sensor/vivado/project_2/project_2.srcs/constrs_1/imports/Proj2_rel/booleanfpga.xdc:39]
CRITICAL WARNING: [Common 17-55] 'set_property' expects at least one object. [D:/PSU/Winter_2024/544/fp/ROM_sensor/vivado/project_2/project_2.srcs/constrs_1/imports/Proj2_rel/booleanfpga.xdc:39]
Resolution: If [get_<value>] was used to populate the object, check to make sure this command returns at least one valid object.
WARNING: [Vivado 12-584] No ports matched 'led[12]'. [D:/PSU/Winter_2024/544/fp/ROM_sensor/vivado/project_2/project_2.srcs/constrs_1/imports/Proj2_rel/booleanfpga.xdc:40]
CRITICAL WARNING: [Common 17-55] 'set_property' expects at least one object. [D:/PSU/Winter_2024/544/fp/ROM_sensor/vivado/project_2/project_2.srcs/constrs_1/imports/Proj2_rel/booleanfpga.xdc:40]
Resolution: If [get_<value>] was used to populate the object, check to make sure this command returns at least one valid object.
WARNING: [Vivado 12-584] No ports matched 'led[13]'. [D:/PSU/Winter_2024/544/fp/ROM_sensor/vivado/project_2/project_2.srcs/constrs_1/imports/Proj2_rel/booleanfpga.xdc:41]
CRITICAL WARNING: [Common 17-55] 'set_property' expects at least one object. [D:/PSU/Winter_2024/544/fp/ROM_sensor/vivado/project_2/project_2.srcs/constrs_1/imports/Proj2_rel/booleanfpga.xdc:41]
Resolution: If [get_<value>] was used to populate the object, check to make sure this command returns at least one valid object.
WARNING: [Vivado 12-584] No ports matched 'led[14]'. [D:/PSU/Winter_2024/544/fp/ROM_sensor/vivado/project_2/project_2.srcs/constrs_1/imports/Proj2_rel/booleanfpga.xdc:42]
CRITICAL WARNING: [Common 17-55] 'set_property' expects at least one object. [D:/PSU/Winter_2024/544/fp/ROM_sensor/vivado/project_2/project_2.srcs/constrs_1/imports/Proj2_rel/booleanfpga.xdc:42]
Resolution: If [get_<value>] was used to populate the object, check to make sure this command returns at least one valid object.
WARNING: [Vivado 12-584] No ports matched 'led[15]'. [D:/PSU/Winter_2024/544/fp/ROM_sensor/vivado/project_2/project_2.srcs/constrs_1/imports/Proj2_rel/booleanfpga.xdc:43]
CRITICAL WARNING: [Common 17-55] 'set_property' expects at least one object. [D:/PSU/Winter_2024/544/fp/ROM_sensor/vivado/project_2/project_2.srcs/constrs_1/imports/Proj2_rel/booleanfpga.xdc:43]
Resolution: If [get_<value>] was used to populate the object, check to make sure this command returns at least one valid object.
WARNING: [Vivado 12-584] No ports matched 'btn0'. [D:/PSU/Winter_2024/544/fp/ROM_sensor/vivado/project_2/project_2.srcs/constrs_1/imports/Proj2_rel/booleanfpga.xdc:46]
CRITICAL WARNING: [Common 17-55] 'set_property' expects at least one object. [D:/PSU/Winter_2024/544/fp/ROM_sensor/vivado/project_2/project_2.srcs/constrs_1/imports/Proj2_rel/booleanfpga.xdc:46]
Resolution: If [get_<value>] was used to populate the object, check to make sure this command returns at least one valid object.
WARNING: [Vivado 12-584] No ports matched 'btn1'. [D:/PSU/Winter_2024/544/fp/ROM_sensor/vivado/project_2/project_2.srcs/constrs_1/imports/Proj2_rel/booleanfpga.xdc:47]
CRITICAL WARNING: [Common 17-55] 'set_property' expects at least one object. [D:/PSU/Winter_2024/544/fp/ROM_sensor/vivado/project_2/project_2.srcs/constrs_1/imports/Proj2_rel/booleanfpga.xdc:47]
Resolution: If [get_<value>] was used to populate the object, check to make sure this command returns at least one valid object.
WARNING: [Vivado 12-584] No ports matched 'btn2'. [D:/PSU/Winter_2024/544/fp/ROM_sensor/vivado/project_2/project_2.srcs/constrs_1/imports/Proj2_rel/booleanfpga.xdc:48]
CRITICAL WARNING: [Common 17-55] 'set_property' expects at least one object. [D:/PSU/Winter_2024/544/fp/ROM_sensor/vivado/project_2/project_2.srcs/constrs_1/imports/Proj2_rel/booleanfpga.xdc:48]
Resolution: If [get_<value>] was used to populate the object, check to make sure this command returns at least one valid object.
WARNING: [Vivado 12-584] No ports matched 'btn3'. [D:/PSU/Winter_2024/544/fp/ROM_sensor/vivado/project_2/project_2.srcs/constrs_1/imports/Proj2_rel/booleanfpga.xdc:49]
CRITICAL WARNING: [Common 17-55] 'set_property' expects at least one object. [D:/PSU/Winter_2024/544/fp/ROM_sensor/vivado/project_2/project_2.srcs/constrs_1/imports/Proj2_rel/booleanfpga.xdc:49]
Resolution: If [get_<value>] was used to populate the object, check to make sure this command returns at least one valid object.
WARNING: [Vivado 12-584] No ports matched 'RGB0_Red'. [D:/PSU/Winter_2024/544/fp/ROM_sensor/vivado/project_2/project_2.srcs/constrs_1/imports/Proj2_rel/booleanfpga.xdc:52]
CRITICAL WARNING: [Common 17-55] 'set_property' expects at least one object. [D:/PSU/Winter_2024/544/fp/ROM_sensor/vivado/project_2/project_2.srcs/constrs_1/imports/Proj2_rel/booleanfpga.xdc:52]
Resolution: If [get_<value>] was used to populate the object, check to make sure this command returns at least one valid object.
WARNING: [Vivado 12-584] No ports matched 'RGB0_Green'. [D:/PSU/Winter_2024/544/fp/ROM_sensor/vivado/project_2/project_2.srcs/constrs_1/imports/Proj2_rel/booleanfpga.xdc:53]
CRITICAL WARNING: [Common 17-55] 'set_property' expects at least one object. [D:/PSU/Winter_2024/544/fp/ROM_sensor/vivado/project_2/project_2.srcs/constrs_1/imports/Proj2_rel/booleanfpga.xdc:53]
Resolution: If [get_<value>] was used to populate the object, check to make sure this command returns at least one valid object.
WARNING: [Vivado 12-584] No ports matched 'RGB0_Blue'. [D:/PSU/Winter_2024/544/fp/ROM_sensor/vivado/project_2/project_2.srcs/constrs_1/imports/Proj2_rel/booleanfpga.xdc:54]
CRITICAL WARNING: [Common 17-55] 'set_property' expects at least one object. [D:/PSU/Winter_2024/544/fp/ROM_sensor/vivado/project_2/project_2.srcs/constrs_1/imports/Proj2_rel/booleanfpga.xdc:54]
Resolution: If [get_<value>] was used to populate the object, check to make sure this command returns at least one valid object.
WARNING: [Vivado 12-584] No ports matched 'RGB1_Red'. [D:/PSU/Winter_2024/544/fp/ROM_sensor/vivado/project_2/project_2.srcs/constrs_1/imports/Proj2_rel/booleanfpga.xdc:55]
CRITICAL WARNING: [Common 17-55] 'set_property' expects at least one object. [D:/PSU/Winter_2024/544/fp/ROM_sensor/vivado/project_2/project_2.srcs/constrs_1/imports/Proj2_rel/booleanfpga.xdc:55]
Resolution: If [get_<value>] was used to populate the object, check to make sure this command returns at least one valid object.
WARNING: [Vivado 12-584] No ports matched 'RGB1_Green'. [D:/PSU/Winter_2024/544/fp/ROM_sensor/vivado/project_2/project_2.srcs/constrs_1/imports/Proj2_rel/booleanfpga.xdc:56]
CRITICAL WARNING: [Common 17-55] 'set_property' expects at least one object. [D:/PSU/Winter_2024/544/fp/ROM_sensor/vivado/project_2/project_2.srcs/constrs_1/imports/Proj2_rel/booleanfpga.xdc:56]
Resolution: If [get_<value>] was used to populate the object, check to make sure this command returns at least one valid object.
WARNING: [Vivado 12-584] No ports matched 'RGB1_Blue'. [D:/PSU/Winter_2024/544/fp/ROM_sensor/vivado/project_2/project_2.srcs/constrs_1/imports/Proj2_rel/booleanfpga.xdc:57]
CRITICAL WARNING: [Common 17-55] 'set_property' expects at least one object. [D:/PSU/Winter_2024/544/fp/ROM_sensor/vivado/project_2/project_2.srcs/constrs_1/imports/Proj2_rel/booleanfpga.xdc:57]
Resolution: If [get_<value>] was used to populate the object, check to make sure this command returns at least one valid object.
WARNING: [Vivado 12-584] No ports matched 'AN[4]'. [D:/PSU/Winter_2024/544/fp/ROM_sensor/vivado/project_2/project_2.srcs/constrs_1/imports/Proj2_rel/booleanfpga.xdc:60]
CRITICAL WARNING: [Common 17-55] 'set_property' expects at least one object. [D:/PSU/Winter_2024/544/fp/ROM_sensor/vivado/project_2/project_2.srcs/constrs_1/imports/Proj2_rel/booleanfpga.xdc:60]
Resolution: If [get_<value>] was used to populate the object, check to make sure this command returns at least one valid object.
WARNING: [Vivado 12-584] No ports matched 'AN[5]'. [D:/PSU/Winter_2024/544/fp/ROM_sensor/vivado/project_2/project_2.srcs/constrs_1/imports/Proj2_rel/booleanfpga.xdc:61]
CRITICAL WARNING: [Common 17-55] 'set_property' expects at least one object. [D:/PSU/Winter_2024/544/fp/ROM_sensor/vivado/project_2/project_2.srcs/constrs_1/imports/Proj2_rel/booleanfpga.xdc:61]
Resolution: If [get_<value>] was used to populate the object, check to make sure this command returns at least one valid object.
WARNING: [Vivado 12-584] No ports matched 'AN[6]'. [D:/PSU/Winter_2024/544/fp/ROM_sensor/vivado/project_2/project_2.srcs/constrs_1/imports/Proj2_rel/booleanfpga.xdc:62]
CRITICAL WARNING: [Common 17-55] 'set_property' expects at least one object. [D:/PSU/Winter_2024/544/fp/ROM_sensor/vivado/project_2/project_2.srcs/constrs_1/imports/Proj2_rel/booleanfpga.xdc:62]
Resolution: If [get_<value>] was used to populate the object, check to make sure this command returns at least one valid object.
WARNING: [Vivado 12-584] No ports matched 'AN[7]'. [D:/PSU/Winter_2024/544/fp/ROM_sensor/vivado/project_2/project_2.srcs/constrs_1/imports/Proj2_rel/booleanfpga.xdc:63]
CRITICAL WARNING: [Common 17-55] 'set_property' expects at least one object. [D:/PSU/Winter_2024/544/fp/ROM_sensor/vivado/project_2/project_2.srcs/constrs_1/imports/Proj2_rel/booleanfpga.xdc:63]
Resolution: If [get_<value>] was used to populate the object, check to make sure this command returns at least one valid object.
WARNING: [Vivado 12-584] No ports matched 'CA'. [D:/PSU/Winter_2024/544/fp/ROM_sensor/vivado/project_2/project_2.srcs/constrs_1/imports/Proj2_rel/booleanfpga.xdc:64]
CRITICAL WARNING: [Common 17-55] 'set_property' expects at least one object. [D:/PSU/Winter_2024/544/fp/ROM_sensor/vivado/project_2/project_2.srcs/constrs_1/imports/Proj2_rel/booleanfpga.xdc:64]
Resolution: If [get_<value>] was used to populate the object, check to make sure this command returns at least one valid object.
WARNING: [Vivado 12-584] No ports matched 'CB'. [D:/PSU/Winter_2024/544/fp/ROM_sensor/vivado/project_2/project_2.srcs/constrs_1/imports/Proj2_rel/booleanfpga.xdc:65]
CRITICAL WARNING: [Common 17-55] 'set_property' expects at least one object. [D:/PSU/Winter_2024/544/fp/ROM_sensor/vivado/project_2/project_2.srcs/constrs_1/imports/Proj2_rel/booleanfpga.xdc:65]
Resolution: If [get_<value>] was used to populate the object, check to make sure this command returns at least one valid object.
WARNING: [Vivado 12-584] No ports matched 'CC'. [D:/PSU/Winter_2024/544/fp/ROM_sensor/vivado/project_2/project_2.srcs/constrs_1/imports/Proj2_rel/booleanfpga.xdc:66]
CRITICAL WARNING: [Common 17-55] 'set_property' expects at least one object. [D:/PSU/Winter_2024/544/fp/ROM_sensor/vivado/project_2/project_2.srcs/constrs_1/imports/Proj2_rel/booleanfpga.xdc:66]
Resolution: If [get_<value>] was used to populate the object, check to make sure this command returns at least one valid object.
WARNING: [Vivado 12-584] No ports matched 'CD'. [D:/PSU/Winter_2024/544/fp/ROM_sensor/vivado/project_2/project_2.srcs/constrs_1/imports/Proj2_rel/booleanfpga.xdc:67]
CRITICAL WARNING: [Common 17-55] 'set_property' expects at least one object. [D:/PSU/Winter_2024/544/fp/ROM_sensor/vivado/project_2/project_2.srcs/constrs_1/imports/Proj2_rel/booleanfpga.xdc:67]
Resolution: If [get_<value>] was used to populate the object, check to make sure this command returns at least one valid object.
WARNING: [Vivado 12-584] No ports matched 'CE'. [D:/PSU/Winter_2024/544/fp/ROM_sensor/vivado/project_2/project_2.srcs/constrs_1/imports/Proj2_rel/booleanfpga.xdc:68]
CRITICAL WARNING: [Common 17-55] 'set_property' expects at least one object. [D:/PSU/Winter_2024/544/fp/ROM_sensor/vivado/project_2/project_2.srcs/constrs_1/imports/Proj2_rel/booleanfpga.xdc:68]
Resolution: If [get_<value>] was used to populate the object, check to make sure this command returns at least one valid object.
WARNING: [Vivado 12-584] No ports matched 'CF'. [D:/PSU/Winter_2024/544/fp/ROM_sensor/vivado/project_2/project_2.srcs/constrs_1/imports/Proj2_rel/booleanfpga.xdc:69]
CRITICAL WARNING: [Common 17-55] 'set_property' expects at least one object. [D:/PSU/Winter_2024/544/fp/ROM_sensor/vivado/project_2/project_2.srcs/constrs_1/imports/Proj2_rel/booleanfpga.xdc:69]
Resolution: If [get_<value>] was used to populate the object, check to make sure this command returns at least one valid object.
WARNING: [Vivado 12-584] No ports matched 'CG'. [D:/PSU/Winter_2024/544/fp/ROM_sensor/vivado/project_2/project_2.srcs/constrs_1/imports/Proj2_rel/booleanfpga.xdc:70]
CRITICAL WARNING: [Common 17-55] 'set_property' expects at least one object. [D:/PSU/Winter_2024/544/fp/ROM_sensor/vivado/project_2/project_2.srcs/constrs_1/imports/Proj2_rel/booleanfpga.xdc:70]
Resolution: If [get_<value>] was used to populate the object, check to make sure this command returns at least one valid object.
WARNING: [Vivado 12-584] No ports matched 'DP'. [D:/PSU/Winter_2024/544/fp/ROM_sensor/vivado/project_2/project_2.srcs/constrs_1/imports/Proj2_rel/booleanfpga.xdc:71]
CRITICAL WARNING: [Common 17-55] 'set_property' expects at least one object. [D:/PSU/Winter_2024/544/fp/ROM_sensor/vivado/project_2/project_2.srcs/constrs_1/imports/Proj2_rel/booleanfpga.xdc:71]
Resolution: If [get_<value>] was used to populate the object, check to make sure this command returns at least one valid object.
WARNING: [Vivado 12-584] No ports matched 'AN[0]'. [D:/PSU/Winter_2024/544/fp/ROM_sensor/vivado/project_2/project_2.srcs/constrs_1/imports/Proj2_rel/booleanfpga.xdc:74]
CRITICAL WARNING: [Common 17-55] 'set_property' expects at least one object. [D:/PSU/Winter_2024/544/fp/ROM_sensor/vivado/project_2/project_2.srcs/constrs_1/imports/Proj2_rel/booleanfpga.xdc:74]
Resolution: If [get_<value>] was used to populate the object, check to make sure this command returns at least one valid object.
WARNING: [Vivado 12-584] No ports matched 'AN[1]'. [D:/PSU/Winter_2024/544/fp/ROM_sensor/vivado/project_2/project_2.srcs/constrs_1/imports/Proj2_rel/booleanfpga.xdc:75]
CRITICAL WARNING: [Common 17-55] 'set_property' expects at least one object. [D:/PSU/Winter_2024/544/fp/ROM_sensor/vivado/project_2/project_2.srcs/constrs_1/imports/Proj2_rel/booleanfpga.xdc:75]
Resolution: If [get_<value>] was used to populate the object, check to make sure this command returns at least one valid object.
WARNING: [Vivado 12-584] No ports matched 'AN[2]'. [D:/PSU/Winter_2024/544/fp/ROM_sensor/vivado/project_2/project_2.srcs/constrs_1/imports/Proj2_rel/booleanfpga.xdc:76]
CRITICAL WARNING: [Common 17-55] 'set_property' expects at least one object. [D:/PSU/Winter_2024/544/fp/ROM_sensor/vivado/project_2/project_2.srcs/constrs_1/imports/Proj2_rel/booleanfpga.xdc:76]
Resolution: If [get_<value>] was used to populate the object, check to make sure this command returns at least one valid object.
WARNING: [Vivado 12-584] No ports matched 'AN[3]'. [D:/PSU/Winter_2024/544/fp/ROM_sensor/vivado/project_2/project_2.srcs/constrs_1/imports/Proj2_rel/booleanfpga.xdc:77]
CRITICAL WARNING: [Common 17-55] 'set_property' expects at least one object. [D:/PSU/Winter_2024/544/fp/ROM_sensor/vivado/project_2/project_2.srcs/constrs_1/imports/Proj2_rel/booleanfpga.xdc:77]
Resolution: If [get_<value>] was used to populate the object, check to make sure this command returns at least one valid object.
WARNING: [Vivado 12-584] No ports matched 'CA_1'. [D:/PSU/Winter_2024/544/fp/ROM_sensor/vivado/project_2/project_2.srcs/constrs_1/imports/Proj2_rel/booleanfpga.xdc:78]
CRITICAL WARNING: [Common 17-55] 'set_property' expects at least one object. [D:/PSU/Winter_2024/544/fp/ROM_sensor/vivado/project_2/project_2.srcs/constrs_1/imports/Proj2_rel/booleanfpga.xdc:78]
Resolution: If [get_<value>] was used to populate the object, check to make sure this command returns at least one valid object.
WARNING: [Vivado 12-584] No ports matched 'CB_1'. [D:/PSU/Winter_2024/544/fp/ROM_sensor/vivado/project_2/project_2.srcs/constrs_1/imports/Proj2_rel/booleanfpga.xdc:79]
CRITICAL WARNING: [Common 17-55] 'set_property' expects at least one object. [D:/PSU/Winter_2024/544/fp/ROM_sensor/vivado/project_2/project_2.srcs/constrs_1/imports/Proj2_rel/booleanfpga.xdc:79]
Resolution: If [get_<value>] was used to populate the object, check to make sure this command returns at least one valid object.
WARNING: [Vivado 12-584] No ports matched 'CC_1'. [D:/PSU/Winter_2024/544/fp/ROM_sensor/vivado/project_2/project_2.srcs/constrs_1/imports/Proj2_rel/booleanfpga.xdc:80]
CRITICAL WARNING: [Common 17-55] 'set_property' expects at least one object. [D:/PSU/Winter_2024/544/fp/ROM_sensor/vivado/project_2/project_2.srcs/constrs_1/imports/Proj2_rel/booleanfpga.xdc:80]
Resolution: If [get_<value>] was used to populate the object, check to make sure this command returns at least one valid object.
WARNING: [Vivado 12-584] No ports matched 'CD_1'. [D:/PSU/Winter_2024/544/fp/ROM_sensor/vivado/project_2/project_2.srcs/constrs_1/imports/Proj2_rel/booleanfpga.xdc:81]
CRITICAL WARNING: [Common 17-55] 'set_property' expects at least one object. [D:/PSU/Winter_2024/544/fp/ROM_sensor/vivado/project_2/project_2.srcs/constrs_1/imports/Proj2_rel/booleanfpga.xdc:81]
Resolution: If [get_<value>] was used to populate the object, check to make sure this command returns at least one valid object.
WARNING: [Vivado 12-584] No ports matched 'CE_1'. [D:/PSU/Winter_2024/544/fp/ROM_sensor/vivado/project_2/project_2.srcs/constrs_1/imports/Proj2_rel/booleanfpga.xdc:82]
CRITICAL WARNING: [Common 17-55] 'set_property' expects at least one object. [D:/PSU/Winter_2024/544/fp/ROM_sensor/vivado/project_2/project_2.srcs/constrs_1/imports/Proj2_rel/booleanfpga.xdc:82]
Resolution: If [get_<value>] was used to populate the object, check to make sure this command returns at least one valid object.
WARNING: [Vivado 12-584] No ports matched 'CF_1'. [D:/PSU/Winter_2024/544/fp/ROM_sensor/vivado/project_2/project_2.srcs/constrs_1/imports/Proj2_rel/booleanfpga.xdc:83]
CRITICAL WARNING: [Common 17-55] 'set_property' expects at least one object. [D:/PSU/Winter_2024/544/fp/ROM_sensor/vivado/project_2/project_2.srcs/constrs_1/imports/Proj2_rel/booleanfpga.xdc:83]
Resolution: If [get_<value>] was used to populate the object, check to make sure this command returns at least one valid object.
WARNING: [Vivado 12-584] No ports matched 'CG_1'. [D:/PSU/Winter_2024/544/fp/ROM_sensor/vivado/project_2/project_2.srcs/constrs_1/imports/Proj2_rel/booleanfpga.xdc:84]
CRITICAL WARNING: [Common 17-55] 'set_property' expects at least one object. [D:/PSU/Winter_2024/544/fp/ROM_sensor/vivado/project_2/project_2.srcs/constrs_1/imports/Proj2_rel/booleanfpga.xdc:84]
Resolution: If [get_<value>] was used to populate the object, check to make sure this command returns at least one valid object.
WARNING: [Vivado 12-584] No ports matched 'DP_1'. [D:/PSU/Winter_2024/544/fp/ROM_sensor/vivado/project_2/project_2.srcs/constrs_1/imports/Proj2_rel/booleanfpga.xdc:85]
CRITICAL WARNING: [Common 17-55] 'set_property' expects at least one object. [D:/PSU/Winter_2024/544/fp/ROM_sensor/vivado/project_2/project_2.srcs/constrs_1/imports/Proj2_rel/booleanfpga.xdc:85]
Resolution: If [get_<value>] was used to populate the object, check to make sure this command returns at least one valid object.
WARNING: [Vivado 12-584] No ports matched 'sclk_io'. [D:/PSU/Winter_2024/544/fp/ROM_sensor/vivado/project_2/project_2.srcs/constrs_1/imports/Proj2_rel/booleanfpga.xdc:92]
CRITICAL WARNING: [Common 17-55] 'set_property' expects at least one object. [D:/PSU/Winter_2024/544/fp/ROM_sensor/vivado/project_2/project_2.srcs/constrs_1/imports/Proj2_rel/booleanfpga.xdc:92]
Resolution: If [get_<value>] was used to populate the object, check to make sure this command returns at least one valid object.
WARNING: [Vivado 12-584] No ports matched 'sda_io'. [D:/PSU/Winter_2024/544/fp/ROM_sensor/vivado/project_2/project_2.srcs/constrs_1/imports/Proj2_rel/booleanfpga.xdc:93]
CRITICAL WARNING: [Common 17-55] 'set_property' expects at least one object. [D:/PSU/Winter_2024/544/fp/ROM_sensor/vivado/project_2/project_2.srcs/constrs_1/imports/Proj2_rel/booleanfpga.xdc:93]
Resolution: If [get_<value>] was used to populate the object, check to make sure this command returns at least one valid object.
WARNING: [Vivado 12-584] No ports matched 'sclk_io'. [D:/PSU/Winter_2024/544/fp/ROM_sensor/vivado/project_2/project_2.srcs/constrs_1/imports/Proj2_rel/booleanfpga.xdc:96]
CRITICAL WARNING: [Common 17-55] 'set_property' expects at least one object. [D:/PSU/Winter_2024/544/fp/ROM_sensor/vivado/project_2/project_2.srcs/constrs_1/imports/Proj2_rel/booleanfpga.xdc:96]
Resolution: If [get_<value>] was used to populate the object, check to make sure this command returns at least one valid object.
WARNING: [Vivado 12-584] No ports matched 'sda_io'. [D:/PSU/Winter_2024/544/fp/ROM_sensor/vivado/project_2/project_2.srcs/constrs_1/imports/Proj2_rel/booleanfpga.xdc:97]
CRITICAL WARNING: [Common 17-55] 'set_property' expects at least one object. [D:/PSU/Winter_2024/544/fp/ROM_sensor/vivado/project_2/project_2.srcs/constrs_1/imports/Proj2_rel/booleanfpga.xdc:97]
Resolution: If [get_<value>] was used to populate the object, check to make sure this command returns at least one valid object.
WARNING: [Vivado 12-584] No ports matched 'ble_uart_tx'. [D:/PSU/Winter_2024/544/fp/ROM_sensor/vivado/project_2/project_2.srcs/constrs_1/imports/Proj2_rel/booleanfpga.xdc:116]
CRITICAL WARNING: [Common 17-55] 'set_property' expects at least one object. [D:/PSU/Winter_2024/544/fp/ROM_sensor/vivado/project_2/project_2.srcs/constrs_1/imports/Proj2_rel/booleanfpga.xdc:116]
Resolution: If [get_<value>] was used to populate the object, check to make sure this command returns at least one valid object.
WARNING: [Vivado 12-584] No ports matched 'ble_uart_rx'. [D:/PSU/Winter_2024/544/fp/ROM_sensor/vivado/project_2/project_2.srcs/constrs_1/imports/Proj2_rel/booleanfpga.xdc:117]
CRITICAL WARNING: [Common 17-55] 'set_property' expects at least one object. [D:/PSU/Winter_2024/544/fp/ROM_sensor/vivado/project_2/project_2.srcs/constrs_1/imports/Proj2_rel/booleanfpga.xdc:117]
Resolution: If [get_<value>] was used to populate the object, check to make sure this command returns at least one valid object.
Finished Parsing XDC File [D:/PSU/Winter_2024/544/fp/ROM_sensor/vivado/project_2/project_2.srcs/constrs_1/imports/Proj2_rel/booleanfpga.xdc]
Completed Processing XDC Constraints

Netlist sorting complete. Time (s): cpu = 00:00:00 ; elapsed = 00:00:00 . Memory (MB): peak = 1909.688 ; gain = 0.000
INFO: [Project 1-111] Unisim Transformation Summary:
  A total of 1 instances were transformed.
  IOBUF => IOBUF (IBUF, OBUFT): 1 instance 

Constraint Validation Runtime : Time (s): cpu = 00:00:00 ; elapsed = 00:00:00.001 . Memory (MB): peak = 1909.688 ; gain = 0.000
INFO: [Synth 8-11241] undeclared symbol 'REGCCE', assumed default net type 'wire' [E:/Xilinx/Vivado/2022.2/data/verilog/src/unimacro/BRAM_SINGLE_MACRO.v:2170]
---------------------------------------------------------------------------------
Finished Constraint Validation : Time (s): cpu = 00:00:04 ; elapsed = 00:00:11 . Memory (MB): peak = 1909.688 ; gain = 497.035
---------------------------------------------------------------------------------
---------------------------------------------------------------------------------
Start Loading Part and Timing Information
---------------------------------------------------------------------------------
Loading part: xc7s50csga324-1
---------------------------------------------------------------------------------
Finished Loading Part and Timing Information : Time (s): cpu = 00:00:04 ; elapsed = 00:00:11 . Memory (MB): peak = 1909.688 ; gain = 497.035
---------------------------------------------------------------------------------
---------------------------------------------------------------------------------
Start Applying 'set_property' XDC Constraints
---------------------------------------------------------------------------------
---------------------------------------------------------------------------------
Finished applying 'set_property' XDC Constraints : Time (s): cpu = 00:00:04 ; elapsed = 00:00:11 . Memory (MB): peak = 1909.688 ; gain = 497.035
---------------------------------------------------------------------------------
---------------------------------------------------------------------------------
Start Preparing Guide Design
---------------------------------------------------------------------------------
CRITICAL WARNING: [Synth 8-6895] The reference checkpoint D:/PSU/Winter_2024/544/fp/ROM_sensor/vivado/project_2/project_2.srcs/utils_1/imports/synth_1/booleanfpga.dcp is not suitable for use with incremental synthesis for this design. Please regenerate the checkpoint for this design with -incremental_synth switch in the same Vivado session that synth_design has been run. Synthesis will continue with the default flow
---------------------------------------------------------------------------------
Finished Doing Graph Differ : Time (s): cpu = 00:00:04 ; elapsed = 00:00:11 . Memory (MB): peak = 1909.688 ; gain = 497.035
---------------------------------------------------------------------------------
---------------------------------------------------------------------------------
Finished Preparing Guide Design : Time (s): cpu = 00:00:04 ; elapsed = 00:00:11 . Memory (MB): peak = 1909.688 ; gain = 497.035
---------------------------------------------------------------------------------
---------------------------------------------------------------------------------
Finished RTL Optimization Phase 2 : Time (s): cpu = 00:00:04 ; elapsed = 00:00:12 . Memory (MB): peak = 1909.688 ; gain = 497.035
---------------------------------------------------------------------------------


Incremental Synthesis Report Summary:

1. Incremental synthesis run: no

   Reason for not running incremental synthesis : 


INFO: [Synth 8-7130] Flow is switching to default flow due to incremental criteria not met. If you would like to alter this behaviour and have the flow terminate instead, please set the following parameter config_implementation {autoIncr.Synth.RejectBehavior Terminate}
---------------------------------------------------------------------------------
Start RTL Component Statistics 
---------------------------------------------------------------------------------
Detailed RTL Component Info : 
---------------------------------------------------------------------------------
Finished RTL Component Statistics 
---------------------------------------------------------------------------------
---------------------------------------------------------------------------------
Start Part Resource Summary
---------------------------------------------------------------------------------
Part Resources:
DSPs: 120 (col length:60)
BRAMs: 150 (col length: RAMB18 60 RAMB36 30)
---------------------------------------------------------------------------------
Finished Part Resource Summary
---------------------------------------------------------------------------------
---------------------------------------------------------------------------------
Start Cross Boundary and Area Optimization
---------------------------------------------------------------------------------
WARNING: [Synth 8-7080] Parallel synthesis criteria is not met
---------------------------------------------------------------------------------
Finished Cross Boundary and Area Optimization : Time (s): cpu = 00:00:04 ; elapsed = 00:00:13 . Memory (MB): peak = 1909.688 ; gain = 497.035
---------------------------------------------------------------------------------
---------------------------------------------------------------------------------
Start Applying XDC Timing Constraints
---------------------------------------------------------------------------------
---------------------------------------------------------------------------------
Finished Applying XDC Timing Constraints : Time (s): cpu = 00:00:05 ; elapsed = 00:00:17 . Memory (MB): peak = 1909.688 ; gain = 497.035
---------------------------------------------------------------------------------
---------------------------------------------------------------------------------
Start Timing Optimization
---------------------------------------------------------------------------------
---------------------------------------------------------------------------------
Finished Timing Optimization : Time (s): cpu = 00:00:05 ; elapsed = 00:00:17 . Memory (MB): peak = 1909.688 ; gain = 497.035
---------------------------------------------------------------------------------
---------------------------------------------------------------------------------
Start Technology Mapping
---------------------------------------------------------------------------------
---------------------------------------------------------------------------------
Finished Technology Mapping : Time (s): cpu = 00:00:05 ; elapsed = 00:00:17 . Memory (MB): peak = 1909.688 ; gain = 497.035
---------------------------------------------------------------------------------
---------------------------------------------------------------------------------
Start IO Insertion
---------------------------------------------------------------------------------
---------------------------------------------------------------------------------
Start Flattening Before IO Insertion
---------------------------------------------------------------------------------
---------------------------------------------------------------------------------
Finished Flattening Before IO Insertion
---------------------------------------------------------------------------------
---------------------------------------------------------------------------------
Start Final Netlist Cleanup
---------------------------------------------------------------------------------
---------------------------------------------------------------------------------
Finished Final Netlist Cleanup
---------------------------------------------------------------------------------
---------------------------------------------------------------------------------
Finished IO Insertion : Time (s): cpu = 00:00:06 ; elapsed = 00:00:20 . Memory (MB): peak = 1909.688 ; gain = 497.035
---------------------------------------------------------------------------------
---------------------------------------------------------------------------------
Start Renaming Generated Instances
---------------------------------------------------------------------------------
---------------------------------------------------------------------------------
Finished Renaming Generated Instances : Time (s): cpu = 00:00:06 ; elapsed = 00:00:20 . Memory (MB): peak = 1909.688 ; gain = 497.035
---------------------------------------------------------------------------------
---------------------------------------------------------------------------------
Start Rebuilding User Hierarchy
---------------------------------------------------------------------------------
---------------------------------------------------------------------------------
Finished Rebuilding User Hierarchy : Time (s): cpu = 00:00:06 ; elapsed = 00:00:20 . Memory (MB): peak = 1909.688 ; gain = 497.035
---------------------------------------------------------------------------------
---------------------------------------------------------------------------------
Start Renaming Generated Ports
---------------------------------------------------------------------------------
---------------------------------------------------------------------------------
Finished Renaming Generated Ports : Time (s): cpu = 00:00:06 ; elapsed = 00:00:20 . Memory (MB): peak = 1909.688 ; gain = 497.035
---------------------------------------------------------------------------------
---------------------------------------------------------------------------------
Start Handling Custom Attributes
---------------------------------------------------------------------------------
---------------------------------------------------------------------------------
Finished Handling Custom Attributes : Time (s): cpu = 00:00:06 ; elapsed = 00:00:20 . Memory (MB): peak = 1909.688 ; gain = 497.035
---------------------------------------------------------------------------------
---------------------------------------------------------------------------------
Start Renaming Generated Nets
---------------------------------------------------------------------------------
---------------------------------------------------------------------------------
Finished Renaming Generated Nets : Time (s): cpu = 00:00:06 ; elapsed = 00:00:20 . Memory (MB): peak = 1909.688 ; gain = 497.035
---------------------------------------------------------------------------------
---------------------------------------------------------------------------------
Start Writing Synthesis Report
---------------------------------------------------------------------------------

Report BlackBoxes: 
+-+--------------+----------+
| |BlackBox name |Instances |
+-+--------------+----------+
+-+--------------+----------+

Report Cell Usage: 
+------+------+------+
|      |Cell  |Count |
+------+------+------+
|1     |IBUF  |     2|
|2     |IOBUF |     1|
|3     |OBUF  |     1|
+------+------+------+
---------------------------------------------------------------------------------
Finished Writing Synthesis Report : Time (s): cpu = 00:00:06 ; elapsed = 00:00:20 . Memory (MB): peak = 1909.688 ; gain = 497.035
---------------------------------------------------------------------------------
Synthesis finished with 0 errors, 1 critical warnings and 1 warnings.
Synthesis Optimization Runtime : Time (s): cpu = 00:00:03 ; elapsed = 00:00:19 . Memory (MB): peak = 1909.688 ; gain = 497.035
Synthesis Optimization Complete : Time (s): cpu = 00:00:06 ; elapsed = 00:00:20 . Memory (MB): peak = 1909.688 ; gain = 497.035
INFO: [Project 1-571] Translating synthesized netlist
Netlist sorting complete. Time (s): cpu = 00:00:00 ; elapsed = 00:00:00 . Memory (MB): peak = 1909.688 ; gain = 0.000
INFO: [Netlist 29-17] Analyzing 1 Unisim elements for replacement
INFO: [Netlist 29-28] Unisim Transformation completed in 0 CPU seconds
INFO: [Project 1-570] Preparing netlist for logic optimization
INFO: [Opt 31-138] Pushed 0 inverter(s) to 0 load pin(s).
Netlist sorting complete. Time (s): cpu = 00:00:00 ; elapsed = 00:00:00 . Memory (MB): peak = 1929.281 ; gain = 0.000
INFO: [Project 1-111] Unisim Transformation Summary:
  A total of 1 instances were transformed.
  IOBUF => IOBUF (IBUF, OBUFT): 1 instance 

Synth Design complete, checksum: d6d09c7a
INFO: [Common 17-83] Releasing license: Synthesis
28 Infos, 74 Warnings, 74 Critical Warnings and 0 Errors encountered.
synth_design completed successfully
synth_design: Time (s): cpu = 00:00:08 ; elapsed = 00:00:24 . Memory (MB): peak = 1929.281 ; gain = 893.480
INFO: [Common 17-600] The following parameters have non-default value.
general.maxThreads
INFO: [runtcl-6] Synthesis results are not added to the cache due to CRITICAL_WARNING
INFO: [Common 17-1381] The checkpoint 'D:/PSU/Winter_2024/544/fp/ROM_sensor/vivado/project_2/project_2.runs/synth_1/bidirec.dcp' has been generated.
INFO: [runtcl-4] Executing : report_utilization -file bidirec_utilization_synth.rpt -pb bidirec_utilization_synth.pb
INFO: [Common 17-206] Exiting Vivado at Sat Mar  9 16:11:35 2024...
